<?xml version="1.0" encoding="UTF-8"?>
<!-- Generated by org.testng.reporters.JUnitXMLReporter -->
<testsuite hostname="DESKTOP-BNPB6DQ" ignored="0" name="Command line test" tests="1" failures="1" timestamp="18 Oct 2018 14:10:11 GMT" time="7.306" errors="0">
  <testcase name="@AfterMethod tearown" time="0.0" classname="ExtendendReport.Testreport">
    <failure type="java.lang.NullPointerException">
      <![CDATA[java.lang.NullPointerException
	at ExtendendReport.Testreport.tearown(Testreport.java:79)
... Removed 36 stack frames]]>
    </failure>
  </testcase> <!-- @AfterMethod tearown -->
  <testcase name="@AfterTest endReport" time="0.0" classname="ExtendendReport.Testreport">
    <skipped/>
  </testcase> <!-- @AfterTest endReport -->
  <testcase name="test" time="0.02" classname="ExtendendReport.Testreport">
    <failure type="java.lang.AssertionError" message="expected [AdminLTE 2 | Log in1] but found [AdminLTE 2 | Log in]">
      <![CDATA[java.lang.AssertionError: expected [AdminLTE 2 | Log in1] but found [AdminLTE 2 | Log in]
	at ExtendendReport.Testreport.test(Testreport.java:72)
... Removed 40 stack frames]]>
    </failure>
  </testcase> <!-- test -->
</testsuite> <!-- Command line test -->
